[Sat Feb  7 14:17:22.935 2015] 0.036 sec [ext/2/rel 3 (0,20)] [post_core,post_delta] 没
[Sat Feb  7 14:17:23.158 2015] 0.000 sec [ext/2/rel 0 (0,20)] [post_core,post_delta] 米
[Sat Feb  7 14:17:23.351 2015] 0.000 sec [ext/2/rel 0 (0,20)] [post_core,post_delta] 米啊
[Sat Feb  7 14:17:23.527 2015] 0.000 sec [ext/2/rel 2 (0,20)] [post_core,post_delta] 面
[Sat Feb  7 14:17:23.659 2015] 0.000 sec [ext/2/rel 2 (0,20)] [post_core,post_delta] 面试
[Sat Feb  7 14:17:23.778 2015] 0.000 sec [ext/2/rel 2 (0,20)] [post_core,post_delta] 面试
[Sat Feb  7 14:17:24.082 2015] 0.000 sec [ext/2/rel 2 (0,20)] [post_core,post_delta] 面试
[Sat Feb  7 14:17:24.113 2015] 0.000 sec [ext/2/rel 2 (0,20)] [post_core,post_delta] 面试
[Sat Feb  7 14:17:52.515 2015] 0.021 sec [ext/2/rel 1 (0,20)] [post_core,post_delta] EMC笔试题（最后一道编程题
[Sat Feb  7 14:17:53.388 2015] 0.001 sec [ext/2/rel 1 (0,20)] [post_core,post_delta] EMC笔试题（最后一道编程
[Sat Feb  7 14:17:53.417 2015] 0.000 sec [ext/2/rel 1 (0,20)] [post_core,post_delta] EMC笔试题（最后一道
[Sat Feb  7 14:17:53.478 2015] 0.000 sec [ext/2/rel 0 (0,20)] [post_core,post_delta] EMC笔试题（最后一道编
[Sat Feb  7 14:17:53.948 2015] 0.000 sec [ext/2/rel 1 (0,20)] [post_core,post_delta] EMC笔试题（最后
[Sat Feb  7 14:17:54.005 2015] 0.000 sec [ext/2/rel 0 (0,20)] [post_core,post_delta] EMC笔试题（最
[Sat Feb  7 14:17:54.080 2015] 0.000 sec [ext/2/rel 0 (0,20)] [post_core,post_delta] EMC笔试题（最后一
[Sat Feb  7 14:17:54.466 2015] 0.000 sec [ext/2/rel 0 (0,20)] [post_core,post_delta] EMC笔试
[Sat Feb  7 14:17:54.507 2015] 0.000 sec [ext/2/rel 1 (0,20)] [post_core,post_delta] EMC笔试题
[Sat Feb  7 14:17:54.599 2015] 0.000 sec [ext/2/rel 1 (0,20)] [post_core,post_delta] EMC笔试题（
[Sat Feb  7 14:17:54.904 2015] 0.001 sec [ext/2/rel 0 (0,20)] [post_core,post_delta] EM
[Sat Feb  7 14:17:54.975 2015] 0.000 sec [ext/2/rel 1 (0,20)] [post_core,post_delta] EMC
[Sat Feb  7 14:17:55.021 2015] 0.000 sec [ext/2/rel 1 (0,20)] [post_core,post_delta] EMC笔
[Sat Feb  7 14:17:56.072 2015] 0.000 sec [ext/2/rel 0 (0,20)] [post_core,post_delta] 的
[Sat Feb  7 14:17:56.237 2015] 0.000 sec [ext/2/rel 0 (0,20)] [post_core,post_delta] 打
[Sat Feb  7 14:17:56.796 2015] 0.000 sec [ext/2/rel 5 (0,20)] [post_core,post_delta] 大家
[Sat Feb  7 14:17:56.951 2015] 0.000 sec [ext/2/rel 0 (0,20)] [post_core,post_delta] 打击
[Sat Feb  7 14:17:58.332 2015] 0.000 sec [ext/2/rel 5 (0,20)] [post_core,post_delta] 大家
[Sat Feb  7 14:17:59.476 2015] 0.000 sec [ext/2/rel 5 (0,20)] [post_core,post_delta] 大家
